CRITICAL - 2024-07-08 12:57:39 --> ErrorException: Undefined variable $collections
[Method: GET, Route: katalog]
in APPPATH\Views\user\katalog.php on line 18.
 1 APPPATH\Views\user\katalog.php(18): CodeIgniter\Debug\Exceptions->errorHandler(2, 'Undefined variable $collections', 'C:\\xampp\\htdocs\\perpus-politala\\app\\Views\\user\\katalog.php', 18)
 2 SYSTEMPATH\View\View.php(234): include('C:\\xampp\\htdocs\\perpus-politala\\app\\Views\\user\\katalog.php')
 3 SYSTEMPATH\View\View.php(237): CodeIgniter\View\View->CodeIgniter\View\{closure}()
 4 SYSTEMPATH\Common.php(1171): CodeIgniter\View\View->render('user/katalog', [], true)
 5 APPPATH\Controllers\KatalogController.php(20): view('user/katalog', [...])
 6 SYSTEMPATH\CodeIgniter.php(933): App\Controllers\KatalogController->show('$1')
 7 SYSTEMPATH\CodeIgniter.php(509): CodeIgniter\CodeIgniter->runController(Object(App\Controllers\KatalogController))
 8 SYSTEMPATH\CodeIgniter.php(355): CodeIgniter\CodeIgniter->handleRequest(null, Object(Config\Cache), false)
 9 SYSTEMPATH\Boot.php(312): CodeIgniter\CodeIgniter->run()
10 SYSTEMPATH\Boot.php(67): CodeIgniter\Boot::runCodeIgniter(Object(CodeIgniter\CodeIgniter))
11 FCPATH\index.php(56): CodeIgniter\Boot::bootWeb(Object(Config\Paths))
12 SYSTEMPATH\Commands\Server\rewrite.php(49): require_once('C:\\xampp\\htdocs\\perpus-politala\\public\\index.php')
CRITICAL - 2024-07-08 12:58:01 --> ErrorException: Undefined variable $collections
[Method: GET, Route: katalog]
in APPPATH\Views\user\katalog.php on line 18.
 1 APPPATH\Views\user\katalog.php(18): CodeIgniter\Debug\Exceptions->errorHandler(2, 'Undefined variable $collections', 'C:\\xampp\\htdocs\\perpus-politala\\app\\Views\\user\\katalog.php', 18)
 2 SYSTEMPATH\View\View.php(234): include('C:\\xampp\\htdocs\\perpus-politala\\app\\Views\\user\\katalog.php')
 3 SYSTEMPATH\View\View.php(237): CodeIgniter\View\View->CodeIgniter\View\{closure}()
 4 SYSTEMPATH\Common.php(1171): CodeIgniter\View\View->render('user/katalog', [], true)
 5 APPPATH\Controllers\KatalogController.php(20): view('user/katalog', [...])
 6 SYSTEMPATH\CodeIgniter.php(933): App\Controllers\KatalogController->show('$1')
 7 SYSTEMPATH\CodeIgniter.php(509): CodeIgniter\CodeIgniter->runController(Object(App\Controllers\KatalogController))
 8 SYSTEMPATH\CodeIgniter.php(355): CodeIgniter\CodeIgniter->handleRequest(null, Object(Config\Cache), false)
 9 SYSTEMPATH\Boot.php(312): CodeIgniter\CodeIgniter->run()
10 SYSTEMPATH\Boot.php(67): CodeIgniter\Boot::runCodeIgniter(Object(CodeIgniter\CodeIgniter))
11 FCPATH\index.php(56): CodeIgniter\Boot::bootWeb(Object(Config\Paths))
12 SYSTEMPATH\Commands\Server\rewrite.php(49): require_once('C:\\xampp\\htdocs\\perpus-politala\\public\\index.php')
CRITICAL - 2024-07-08 13:09:19 --> ErrorException: Undefined variable $collections
[Method: GET, Route: katalog]
in APPPATH\Views\user\katalog.php on line 18.
 1 APPPATH\Views\user\katalog.php(18): CodeIgniter\Debug\Exceptions->errorHandler(2, 'Undefined variable $collections', 'C:\\xampp\\htdocs\\perpus-politala\\app\\Views\\user\\katalog.php', 18)
 2 SYSTEMPATH\View\View.php(234): include('C:\\xampp\\htdocs\\perpus-politala\\app\\Views\\user\\katalog.php')
 3 SYSTEMPATH\View\View.php(237): CodeIgniter\View\View->CodeIgniter\View\{closure}()
 4 SYSTEMPATH\Common.php(1171): CodeIgniter\View\View->render('user/katalog', [], true)
 5 APPPATH\Controllers\KatalogController.php(20): view('user/katalog', [...])
 6 SYSTEMPATH\CodeIgniter.php(933): App\Controllers\KatalogController->show('$1')
 7 SYSTEMPATH\CodeIgniter.php(509): CodeIgniter\CodeIgniter->runController(Object(App\Controllers\KatalogController))
 8 SYSTEMPATH\CodeIgniter.php(355): CodeIgniter\CodeIgniter->handleRequest(null, Object(Config\Cache), false)
 9 SYSTEMPATH\Boot.php(312): CodeIgniter\CodeIgniter->run()
10 SYSTEMPATH\Boot.php(67): CodeIgniter\Boot::runCodeIgniter(Object(CodeIgniter\CodeIgniter))
11 FCPATH\index.php(56): CodeIgniter\Boot::bootWeb(Object(Config\Paths))
12 SYSTEMPATH\Commands\Server\rewrite.php(49): require_once('C:\\xampp\\htdocs\\perpus-politala\\public\\index.php')
ERROR - 2024-07-08 13:25:52 --> mysqli_sql_exception: Incorrect number of arguments for PROCEDURE perpus-politala.detailCatalogOpac; expected 1, got 0 in C:\xampp\htdocs\perpus-politala\vendor\codeigniter4\framework\system\Database\MySQLi\Connection.php:308
Stack trace:
#0 C:\xampp\htdocs\perpus-politala\vendor\codeigniter4\framework\system\Database\MySQLi\Connection.php(308): mysqli->query('CALL detailCata...', 0)
#1 C:\xampp\htdocs\perpus-politala\vendor\codeigniter4\framework\system\Database\BaseConnection.php(722): CodeIgniter\Database\MySQLi\Connection->execute('CALL detailCata...')
#2 C:\xampp\htdocs\perpus-politala\vendor\codeigniter4\framework\system\Database\BaseConnection.php(636): CodeIgniter\Database\BaseConnection->simpleQuery('CALL detailCata...')
#3 C:\xampp\htdocs\perpus-politala\app\Models\KatalogModel.php(24): CodeIgniter\Database\BaseConnection->query('CALL detailCata...')
#4 C:\xampp\htdocs\perpus-politala\app\Controllers\KatalogController.php(24): App\Models\KatalogModel->getDetailCollectionOpac('3')
#5 C:\xampp\htdocs\perpus-politala\vendor\codeigniter4\framework\system\CodeIgniter.php(933): App\Controllers\KatalogController->detail('3')
#6 C:\xampp\htdocs\perpus-politala\vendor\codeigniter4\framework\system\CodeIgniter.php(509): CodeIgniter\CodeIgniter->runController(Object(App\Controllers\KatalogController))
#7 C:\xampp\htdocs\perpus-politala\vendor\codeigniter4\framework\system\CodeIgniter.php(355): CodeIgniter\CodeIgniter->handleRequest(NULL, Object(Config\Cache), false)
#8 C:\xampp\htdocs\perpus-politala\vendor\codeigniter4\framework\system\Boot.php(312): CodeIgniter\CodeIgniter->run()
#9 C:\xampp\htdocs\perpus-politala\vendor\codeigniter4\framework\system\Boot.php(67): CodeIgniter\Boot::runCodeIgniter(Object(CodeIgniter\CodeIgniter))
#10 C:\xampp\htdocs\perpus-politala\public\index.php(56): CodeIgniter\Boot::bootWeb(Object(Config\Paths))
#11 C:\xampp\htdocs\perpus-politala\vendor\codeigniter4\framework\system\Commands\Server\rewrite.php(49): require_once('C:\\xampp\\htdocs...')
#12 {main}
CRITICAL - 2024-07-08 13:25:52 --> CodeIgniter\Database\Exceptions\DatabaseException: Incorrect number of arguments for PROCEDURE perpus-politala.detailCatalogOpac; expected 1, got 0
[Method: GET, Route: katalog/detail/3]
in SYSTEMPATH\Database\BaseConnection.php on line 676.
 1 APPPATH\Models\KatalogModel.php(24): CodeIgniter\Database\BaseConnection->query('CALL detailCatalogOpac()')
 2 APPPATH\Controllers\KatalogController.php(24): App\Models\KatalogModel->getDetailCollectionOpac('3')
 3 SYSTEMPATH\CodeIgniter.php(933): App\Controllers\KatalogController->detail('3')
 4 SYSTEMPATH\CodeIgniter.php(509): CodeIgniter\CodeIgniter->runController(Object(App\Controllers\KatalogController))
 5 SYSTEMPATH\CodeIgniter.php(355): CodeIgniter\CodeIgniter->handleRequest(null, Object(Config\Cache), false)
 6 SYSTEMPATH\Boot.php(312): CodeIgniter\CodeIgniter->run()
 7 SYSTEMPATH\Boot.php(67): CodeIgniter\Boot::runCodeIgniter(Object(CodeIgniter\CodeIgniter))
 8 FCPATH\index.php(56): CodeIgniter\Boot::bootWeb(Object(Config\Paths))
 9 SYSTEMPATH\Commands\Server\rewrite.php(49): require_once('C:\\xampp\\htdocs\\perpus-politala\\public\\index.php')
CRITICAL - 2024-07-08 13:25:52 --> [Caused by] CodeIgniter\Database\Exceptions\DatabaseException: Incorrect number of arguments for PROCEDURE perpus-politala.detailCatalogOpac; expected 1, got 0
in SYSTEMPATH\Database\MySQLi\Connection.php on line 313.
 1 SYSTEMPATH\Database\BaseConnection.php(722): CodeIgniter\Database\MySQLi\Connection->execute('CALL detailCatalogOpac()')
 2 SYSTEMPATH\Database\BaseConnection.php(636): CodeIgniter\Database\BaseConnection->simpleQuery('CALL detailCatalogOpac()')
 3 APPPATH\Models\KatalogModel.php(24): CodeIgniter\Database\BaseConnection->query('CALL detailCatalogOpac()')
 4 APPPATH\Controllers\KatalogController.php(24): App\Models\KatalogModel->getDetailCollectionOpac('3')
 5 SYSTEMPATH\CodeIgniter.php(933): App\Controllers\KatalogController->detail('3')
 6 SYSTEMPATH\CodeIgniter.php(509): CodeIgniter\CodeIgniter->runController(Object(App\Controllers\KatalogController))
 7 SYSTEMPATH\CodeIgniter.php(355): CodeIgniter\CodeIgniter->handleRequest(null, Object(Config\Cache), false)
 8 SYSTEMPATH\Boot.php(312): CodeIgniter\CodeIgniter->run()
 9 SYSTEMPATH\Boot.php(67): CodeIgniter\Boot::runCodeIgniter(Object(CodeIgniter\CodeIgniter))
10 FCPATH\index.php(56): CodeIgniter\Boot::bootWeb(Object(Config\Paths))
11 SYSTEMPATH\Commands\Server\rewrite.php(49): require_once('C:\\xampp\\htdocs\\perpus-politala\\public\\index.php')
CRITICAL - 2024-07-08 13:25:52 --> [Caused by] mysqli_sql_exception: Incorrect number of arguments for PROCEDURE perpus-politala.detailCatalogOpac; expected 1, got 0
in SYSTEMPATH\Database\MySQLi\Connection.php on line 308.
 1 SYSTEMPATH\Database\MySQLi\Connection.php(308): mysqli->query('CALL detailCatalogOpac()', 0)
 2 SYSTEMPATH\Database\BaseConnection.php(722): CodeIgniter\Database\MySQLi\Connection->execute('CALL detailCatalogOpac()')
 3 SYSTEMPATH\Database\BaseConnection.php(636): CodeIgniter\Database\BaseConnection->simpleQuery('CALL detailCatalogOpac()')
 4 APPPATH\Models\KatalogModel.php(24): CodeIgniter\Database\BaseConnection->query('CALL detailCatalogOpac()')
 5 APPPATH\Controllers\KatalogController.php(24): App\Models\KatalogModel->getDetailCollectionOpac('3')
 6 SYSTEMPATH\CodeIgniter.php(933): App\Controllers\KatalogController->detail('3')
 7 SYSTEMPATH\CodeIgniter.php(509): CodeIgniter\CodeIgniter->runController(Object(App\Controllers\KatalogController))
 8 SYSTEMPATH\CodeIgniter.php(355): CodeIgniter\CodeIgniter->handleRequest(null, Object(Config\Cache), false)
 9 SYSTEMPATH\Boot.php(312): CodeIgniter\CodeIgniter->run()
10 SYSTEMPATH\Boot.php(67): CodeIgniter\Boot::runCodeIgniter(Object(CodeIgniter\CodeIgniter))
11 FCPATH\index.php(56): CodeIgniter\Boot::bootWeb(Object(Config\Paths))
12 SYSTEMPATH\Commands\Server\rewrite.php(49): require_once('C:\\xampp\\htdocs\\perpus-politala\\public\\index.php')
CRITICAL - 2024-07-08 13:39:16 --> ErrorException: Undefined variable $collection
[Method: GET, Route: katalog/detail/1584]
in APPPATH\Views\katalog\detail.php on line 56.
 1 APPPATH\Views\katalog\detail.php(56): CodeIgniter\Debug\Exceptions->errorHandler(2, 'Undefined variable $collection', 'C:\\xampp\\htdocs\\perpus-politala\\app\\Views\\katalog\\detail.php', 56)
 2 SYSTEMPATH\View\View.php(234): include('C:\\xampp\\htdocs\\perpus-politala\\app\\Views\\katalog\\detail.php')
 3 SYSTEMPATH\View\View.php(237): CodeIgniter\View\View->CodeIgniter\View\{closure}()
 4 SYSTEMPATH\Common.php(1171): CodeIgniter\View\View->render('katalog/detail', [], true)
 5 APPPATH\Controllers\KatalogController.php(29): view('katalog/detail', [...])
 6 SYSTEMPATH\CodeIgniter.php(933): App\Controllers\KatalogController->detail('1584')
 7 SYSTEMPATH\CodeIgniter.php(509): CodeIgniter\CodeIgniter->runController(Object(App\Controllers\KatalogController))
 8 SYSTEMPATH\CodeIgniter.php(355): CodeIgniter\CodeIgniter->handleRequest(null, Object(Config\Cache), false)
 9 SYSTEMPATH\Boot.php(312): CodeIgniter\CodeIgniter->run()
10 SYSTEMPATH\Boot.php(67): CodeIgniter\Boot::runCodeIgniter(Object(CodeIgniter\CodeIgniter))
11 FCPATH\index.php(56): CodeIgniter\Boot::bootWeb(Object(Config\Paths))
12 SYSTEMPATH\Commands\Server\rewrite.php(49): require_once('C:\\xampp\\htdocs\\perpus-politala\\public\\index.php')
CRITICAL - 2024-07-08 13:41:08 --> ErrorException: Undefined variable $collection
[Method: GET, Route: katalog/detail/1584]
in APPPATH\Views\katalog\detail.php on line 55.
 1 APPPATH\Views\katalog\detail.php(55): CodeIgniter\Debug\Exceptions->errorHandler(2, 'Undefined variable $collection', 'C:\\xampp\\htdocs\\perpus-politala\\app\\Views\\katalog\\detail.php', 55)
 2 SYSTEMPATH\View\View.php(234): include('C:\\xampp\\htdocs\\perpus-politala\\app\\Views\\katalog\\detail.php')
 3 SYSTEMPATH\View\View.php(237): CodeIgniter\View\View->CodeIgniter\View\{closure}()
 4 SYSTEMPATH\Common.php(1171): CodeIgniter\View\View->render('katalog/detail', [], true)
 5 APPPATH\Controllers\KatalogController.php(29): view('katalog/detail', [...])
 6 SYSTEMPATH\CodeIgniter.php(933): App\Controllers\KatalogController->detail('1584')
 7 SYSTEMPATH\CodeIgniter.php(509): CodeIgniter\CodeIgniter->runController(Object(App\Controllers\KatalogController))
 8 SYSTEMPATH\CodeIgniter.php(355): CodeIgniter\CodeIgniter->handleRequest(null, Object(Config\Cache), false)
 9 SYSTEMPATH\Boot.php(312): CodeIgniter\CodeIgniter->run()
10 SYSTEMPATH\Boot.php(67): CodeIgniter\Boot::runCodeIgniter(Object(CodeIgniter\CodeIgniter))
11 FCPATH\index.php(56): CodeIgniter\Boot::bootWeb(Object(Config\Paths))
12 SYSTEMPATH\Commands\Server\rewrite.php(49): require_once('C:\\xampp\\htdocs\\perpus-politala\\public\\index.php')
CRITICAL - 2024-07-08 13:41:11 --> ErrorException: Undefined variable $collection
[Method: GET, Route: katalog/detail/1584]
in APPPATH\Views\katalog\detail.php on line 55.
 1 APPPATH\Views\katalog\detail.php(55): CodeIgniter\Debug\Exceptions->errorHandler(2, 'Undefined variable $collection', 'C:\\xampp\\htdocs\\perpus-politala\\app\\Views\\katalog\\detail.php', 55)
 2 SYSTEMPATH\View\View.php(234): include('C:\\xampp\\htdocs\\perpus-politala\\app\\Views\\katalog\\detail.php')
 3 SYSTEMPATH\View\View.php(237): CodeIgniter\View\View->CodeIgniter\View\{closure}()
 4 SYSTEMPATH\Common.php(1171): CodeIgniter\View\View->render('katalog/detail', [], true)
 5 APPPATH\Controllers\KatalogController.php(29): view('katalog/detail', [...])
 6 SYSTEMPATH\CodeIgniter.php(933): App\Controllers\KatalogController->detail('1584')
 7 SYSTEMPATH\CodeIgniter.php(509): CodeIgniter\CodeIgniter->runController(Object(App\Controllers\KatalogController))
 8 SYSTEMPATH\CodeIgniter.php(355): CodeIgniter\CodeIgniter->handleRequest(null, Object(Config\Cache), false)
 9 SYSTEMPATH\Boot.php(312): CodeIgniter\CodeIgniter->run()
10 SYSTEMPATH\Boot.php(67): CodeIgniter\Boot::runCodeIgniter(Object(CodeIgniter\CodeIgniter))
11 FCPATH\index.php(56): CodeIgniter\Boot::bootWeb(Object(Config\Paths))
12 SYSTEMPATH\Commands\Server\rewrite.php(49): require_once('C:\\xampp\\htdocs\\perpus-politala\\public\\index.php')
CRITICAL - 2024-07-08 13:41:11 --> ErrorException: Undefined variable $collection
[Method: GET, Route: katalog/detail/1584]
in APPPATH\Views\katalog\detail.php on line 55.
 1 APPPATH\Views\katalog\detail.php(55): CodeIgniter\Debug\Exceptions->errorHandler(2, 'Undefined variable $collection', 'C:\\xampp\\htdocs\\perpus-politala\\app\\Views\\katalog\\detail.php', 55)
 2 SYSTEMPATH\View\View.php(234): include('C:\\xampp\\htdocs\\perpus-politala\\app\\Views\\katalog\\detail.php')
 3 SYSTEMPATH\View\View.php(237): CodeIgniter\View\View->CodeIgniter\View\{closure}()
 4 SYSTEMPATH\Common.php(1171): CodeIgniter\View\View->render('katalog/detail', [], true)
 5 APPPATH\Controllers\KatalogController.php(29): view('katalog/detail', [...])
 6 SYSTEMPATH\CodeIgniter.php(933): App\Controllers\KatalogController->detail('1584')
 7 SYSTEMPATH\CodeIgniter.php(509): CodeIgniter\CodeIgniter->runController(Object(App\Controllers\KatalogController))
 8 SYSTEMPATH\CodeIgniter.php(355): CodeIgniter\CodeIgniter->handleRequest(null, Object(Config\Cache), false)
 9 SYSTEMPATH\Boot.php(312): CodeIgniter\CodeIgniter->run()
10 SYSTEMPATH\Boot.php(67): CodeIgniter\Boot::runCodeIgniter(Object(CodeIgniter\CodeIgniter))
11 FCPATH\index.php(56): CodeIgniter\Boot::bootWeb(Object(Config\Paths))
12 SYSTEMPATH\Commands\Server\rewrite.php(49): require_once('C:\\xampp\\htdocs\\perpus-politala\\public\\index.php')
CRITICAL - 2024-07-08 13:41:38 --> ErrorException: Undefined array key "coverurl"
[Method: GET, Route: katalog/detail/1584]
in APPPATH\Views\katalog\detail.php on line 57.
 1 APPPATH\Views\katalog\detail.php(57): CodeIgniter\Debug\Exceptions->errorHandler(2, 'Undefined array key "coverurl"', 'C:\\xampp\\htdocs\\perpus-politala\\app\\Views\\katalog\\detail.php', 57)
 2 SYSTEMPATH\View\View.php(234): include('C:\\xampp\\htdocs\\perpus-politala\\app\\Views\\katalog\\detail.php')
 3 SYSTEMPATH\View\View.php(237): CodeIgniter\View\View->CodeIgniter\View\{closure}()
 4 SYSTEMPATH\Common.php(1171): CodeIgniter\View\View->render('katalog/detail', [], true)
 5 APPPATH\Controllers\KatalogController.php(29): view('katalog/detail', [...])
 6 SYSTEMPATH\CodeIgniter.php(933): App\Controllers\KatalogController->detail('1584')
 7 SYSTEMPATH\CodeIgniter.php(509): CodeIgniter\CodeIgniter->runController(Object(App\Controllers\KatalogController))
 8 SYSTEMPATH\CodeIgniter.php(355): CodeIgniter\CodeIgniter->handleRequest(null, Object(Config\Cache), false)
 9 SYSTEMPATH\Boot.php(312): CodeIgniter\CodeIgniter->run()
10 SYSTEMPATH\Boot.php(67): CodeIgniter\Boot::runCodeIgniter(Object(CodeIgniter\CodeIgniter))
11 FCPATH\index.php(56): CodeIgniter\Boot::bootWeb(Object(Config\Paths))
12 SYSTEMPATH\Commands\Server\rewrite.php(49): require_once('C:\\xampp\\htdocs\\perpus-politala\\public\\index.php')
CRITICAL - 2024-07-08 13:43:24 --> ErrorException: Undefined array key "coverurl"
[Method: GET, Route: katalog/detail/1584]
in APPPATH\Views\katalog\detail.php on line 57.
 1 APPPATH\Views\katalog\detail.php(57): CodeIgniter\Debug\Exceptions->errorHandler(2, 'Undefined array key "coverurl"', 'C:\\xampp\\htdocs\\perpus-politala\\app\\Views\\katalog\\detail.php', 57)
 2 SYSTEMPATH\View\View.php(234): include('C:\\xampp\\htdocs\\perpus-politala\\app\\Views\\katalog\\detail.php')
 3 SYSTEMPATH\View\View.php(237): CodeIgniter\View\View->CodeIgniter\View\{closure}()
 4 SYSTEMPATH\Common.php(1171): CodeIgniter\View\View->render('katalog/detail', [], true)
 5 APPPATH\Controllers\KatalogController.php(29): view('katalog/detail', [...])
 6 SYSTEMPATH\CodeIgniter.php(933): App\Controllers\KatalogController->detail('1584')
 7 SYSTEMPATH\CodeIgniter.php(509): CodeIgniter\CodeIgniter->runController(Object(App\Controllers\KatalogController))
 8 SYSTEMPATH\CodeIgniter.php(355): CodeIgniter\CodeIgniter->handleRequest(null, Object(Config\Cache), false)
 9 SYSTEMPATH\Boot.php(312): CodeIgniter\CodeIgniter->run()
10 SYSTEMPATH\Boot.php(67): CodeIgniter\Boot::runCodeIgniter(Object(CodeIgniter\CodeIgniter))
11 FCPATH\index.php(56): CodeIgniter\Boot::bootWeb(Object(Config\Paths))
12 SYSTEMPATH\Commands\Server\rewrite.php(49): require_once('C:\\xampp\\htdocs\\perpus-politala\\public\\index.php')
CRITICAL - 2024-07-08 13:43:34 --> ErrorException: Undefined array key "coverurl"
[Method: GET, Route: katalog/detail/1584]
in APPPATH\Views\katalog\detail.php on line 57.
 1 APPPATH\Views\katalog\detail.php(57): CodeIgniter\Debug\Exceptions->errorHandler(2, 'Undefined array key "coverurl"', 'C:\\xampp\\htdocs\\perpus-politala\\app\\Views\\katalog\\detail.php', 57)
 2 SYSTEMPATH\View\View.php(234): include('C:\\xampp\\htdocs\\perpus-politala\\app\\Views\\katalog\\detail.php')
 3 SYSTEMPATH\View\View.php(237): CodeIgniter\View\View->CodeIgniter\View\{closure}()
 4 SYSTEMPATH\Common.php(1171): CodeIgniter\View\View->render('katalog/detail', [], true)
 5 APPPATH\Controllers\KatalogController.php(29): view('katalog/detail', [...])
 6 SYSTEMPATH\CodeIgniter.php(933): App\Controllers\KatalogController->detail('1584')
 7 SYSTEMPATH\CodeIgniter.php(509): CodeIgniter\CodeIgniter->runController(Object(App\Controllers\KatalogController))
 8 SYSTEMPATH\CodeIgniter.php(355): CodeIgniter\CodeIgniter->handleRequest(null, Object(Config\Cache), false)
 9 SYSTEMPATH\Boot.php(312): CodeIgniter\CodeIgniter->run()
10 SYSTEMPATH\Boot.php(67): CodeIgniter\Boot::runCodeIgniter(Object(CodeIgniter\CodeIgniter))
11 FCPATH\index.php(56): CodeIgniter\Boot::bootWeb(Object(Config\Paths))
12 SYSTEMPATH\Commands\Server\rewrite.php(49): require_once('C:\\xampp\\htdocs\\perpus-politala\\public\\index.php')
CRITICAL - 2024-07-08 13:58:11 --> ErrorException: Undefined variable $collection
[Method: GET, Route: katalog/detail/1584]
in APPPATH\Views\katalog\detail.php on line 60.
 1 APPPATH\Views\katalog\detail.php(60): CodeIgniter\Debug\Exceptions->errorHandler(2, 'Undefined variable $collection', 'C:\\xampp\\htdocs\\perpus-politala\\app\\Views\\katalog\\detail.php', 60)
 2 SYSTEMPATH\View\View.php(234): include('C:\\xampp\\htdocs\\perpus-politala\\app\\Views\\katalog\\detail.php')
 3 SYSTEMPATH\View\View.php(237): CodeIgniter\View\View->CodeIgniter\View\{closure}()
 4 SYSTEMPATH\Common.php(1171): CodeIgniter\View\View->render('katalog/detail', [], true)
 5 APPPATH\Controllers\KatalogController.php(29): view('katalog/detail', [...])
 6 SYSTEMPATH\CodeIgniter.php(933): App\Controllers\KatalogController->detail('1584')
 7 SYSTEMPATH\CodeIgniter.php(509): CodeIgniter\CodeIgniter->runController(Object(App\Controllers\KatalogController))
 8 SYSTEMPATH\CodeIgniter.php(355): CodeIgniter\CodeIgniter->handleRequest(null, Object(Config\Cache), false)
 9 SYSTEMPATH\Boot.php(312): CodeIgniter\CodeIgniter->run()
10 SYSTEMPATH\Boot.php(67): CodeIgniter\Boot::runCodeIgniter(Object(CodeIgniter\CodeIgniter))
11 FCPATH\index.php(56): CodeIgniter\Boot::bootWeb(Object(Config\Paths))
12 SYSTEMPATH\Commands\Server\rewrite.php(49): require_once('C:\\xampp\\htdocs\\perpus-politala\\public\\index.php')
CRITICAL - 2024-07-08 13:58:58 --> ErrorException: Undefined array key "JUDUL"
[Method: GET, Route: katalog/detail/1584]
in APPPATH\Views\katalog\detail.php on line 60.
 1 APPPATH\Views\katalog\detail.php(60): CodeIgniter\Debug\Exceptions->errorHandler(2, 'Undefined array key "JUDUL"', 'C:\\xampp\\htdocs\\perpus-politala\\app\\Views\\katalog\\detail.php', 60)
 2 SYSTEMPATH\View\View.php(234): include('C:\\xampp\\htdocs\\perpus-politala\\app\\Views\\katalog\\detail.php')
 3 SYSTEMPATH\View\View.php(237): CodeIgniter\View\View->CodeIgniter\View\{closure}()
 4 SYSTEMPATH\Common.php(1171): CodeIgniter\View\View->render('katalog/detail', [], true)
 5 APPPATH\Controllers\KatalogController.php(29): view('katalog/detail', [...])
 6 SYSTEMPATH\CodeIgniter.php(933): App\Controllers\KatalogController->detail('1584')
 7 SYSTEMPATH\CodeIgniter.php(509): CodeIgniter\CodeIgniter->runController(Object(App\Controllers\KatalogController))
 8 SYSTEMPATH\CodeIgniter.php(355): CodeIgniter\CodeIgniter->handleRequest(null, Object(Config\Cache), false)
 9 SYSTEMPATH\Boot.php(312): CodeIgniter\CodeIgniter->run()
10 SYSTEMPATH\Boot.php(67): CodeIgniter\Boot::runCodeIgniter(Object(CodeIgniter\CodeIgniter))
11 FCPATH\index.php(56): CodeIgniter\Boot::bootWeb(Object(Config\Paths))
12 SYSTEMPATH\Commands\Server\rewrite.php(49): require_once('C:\\xampp\\htdocs\\perpus-politala\\public\\index.php')
ERROR - 2024-07-08 14:15:54 --> mysqli_sql_exception: Unknown column 'Terlengkap' in 'field list' in C:\xampp\htdocs\perpus-politala\vendor\codeigniter4\framework\system\Database\MySQLi\Connection.php:308
Stack trace:
#0 C:\xampp\htdocs\perpus-politala\vendor\codeigniter4\framework\system\Database\MySQLi\Connection.php(308): mysqli->query('CALL pencarianS...', 0)
#1 C:\xampp\htdocs\perpus-politala\vendor\codeigniter4\framework\system\Database\BaseConnection.php(722): CodeIgniter\Database\MySQLi\Connection->execute('CALL pencarianS...')
#2 C:\xampp\htdocs\perpus-politala\vendor\codeigniter4\framework\system\Database\BaseConnection.php(636): CodeIgniter\Database\BaseConnection->simpleQuery('CALL pencarianS...')
#3 C:\xampp\htdocs\perpus-politala\app\Models\KatalogModel.php(28): CodeIgniter\Database\BaseConnection->query('CALL pencarianS...')
#4 C:\xampp\htdocs\perpus-politala\app\Controllers\KatalogController.php(17): App\Models\KatalogModel->cariSederhanaOpac('Terlengkap & Te...')
#5 C:\xampp\htdocs\perpus-politala\vendor\codeigniter4\framework\system\CodeIgniter.php(933): App\Controllers\KatalogController->show()
#6 C:\xampp\htdocs\perpus-politala\vendor\codeigniter4\framework\system\CodeIgniter.php(509): CodeIgniter\CodeIgniter->runController(Object(App\Controllers\KatalogController))
#7 C:\xampp\htdocs\perpus-politala\vendor\codeigniter4\framework\system\CodeIgniter.php(355): CodeIgniter\CodeIgniter->handleRequest(NULL, Object(Config\Cache), false)
#8 C:\xampp\htdocs\perpus-politala\vendor\codeigniter4\framework\system\Boot.php(312): CodeIgniter\CodeIgniter->run()
#9 C:\xampp\htdocs\perpus-politala\vendor\codeigniter4\framework\system\Boot.php(67): CodeIgniter\Boot::runCodeIgniter(Object(CodeIgniter\CodeIgniter))
#10 C:\xampp\htdocs\perpus-politala\public\index.php(56): CodeIgniter\Boot::bootWeb(Object(Config\Paths))
#11 C:\xampp\htdocs\perpus-politala\vendor\codeigniter4\framework\system\Commands\Server\rewrite.php(49): require_once('C:\\xampp\\htdocs...')
#12 {main}
CRITICAL - 2024-07-08 14:15:54 --> CodeIgniter\Database\Exceptions\DatabaseException: Unknown column 'Terlengkap' in 'field list'
[Method: GET, Route: katalog/]
in SYSTEMPATH\Database\BaseConnection.php on line 676.
 1 APPPATH\Models\KatalogModel.php(28): CodeIgniter\Database\BaseConnection->query('CALL pencarianSederhanaOpacLimit1(Terlengkap & Terfavorit)')
 2 APPPATH\Controllers\KatalogController.php(17): App\Models\KatalogModel->cariSederhanaOpac('Terlengkap & Terfavorit')
 3 SYSTEMPATH\CodeIgniter.php(933): App\Controllers\KatalogController->show()
 4 SYSTEMPATH\CodeIgniter.php(509): CodeIgniter\CodeIgniter->runController(Object(App\Controllers\KatalogController))
 5 SYSTEMPATH\CodeIgniter.php(355): CodeIgniter\CodeIgniter->handleRequest(null, Object(Config\Cache), false)
 6 SYSTEMPATH\Boot.php(312): CodeIgniter\CodeIgniter->run()
 7 SYSTEMPATH\Boot.php(67): CodeIgniter\Boot::runCodeIgniter(Object(CodeIgniter\CodeIgniter))
 8 FCPATH\index.php(56): CodeIgniter\Boot::bootWeb(Object(Config\Paths))
 9 SYSTEMPATH\Commands\Server\rewrite.php(49): require_once('C:\\xampp\\htdocs\\perpus-politala\\public\\index.php')
CRITICAL - 2024-07-08 14:15:54 --> [Caused by] CodeIgniter\Database\Exceptions\DatabaseException: Unknown column 'Terlengkap' in 'field list'
in SYSTEMPATH\Database\MySQLi\Connection.php on line 313.
 1 SYSTEMPATH\Database\BaseConnection.php(722): CodeIgniter\Database\MySQLi\Connection->execute('CALL pencarianSederhanaOpacLimit1(Terlengkap & Terfavorit)')
 2 SYSTEMPATH\Database\BaseConnection.php(636): CodeIgniter\Database\BaseConnection->simpleQuery('CALL pencarianSederhanaOpacLimit1(Terlengkap & Terfavorit)')
 3 APPPATH\Models\KatalogModel.php(28): CodeIgniter\Database\BaseConnection->query('CALL pencarianSederhanaOpacLimit1(Terlengkap & Terfavorit)')
 4 APPPATH\Controllers\KatalogController.php(17): App\Models\KatalogModel->cariSederhanaOpac('Terlengkap & Terfavorit')
 5 SYSTEMPATH\CodeIgniter.php(933): App\Controllers\KatalogController->show()
 6 SYSTEMPATH\CodeIgniter.php(509): CodeIgniter\CodeIgniter->runController(Object(App\Controllers\KatalogController))
 7 SYSTEMPATH\CodeIgniter.php(355): CodeIgniter\CodeIgniter->handleRequest(null, Object(Config\Cache), false)
 8 SYSTEMPATH\Boot.php(312): CodeIgniter\CodeIgniter->run()
 9 SYSTEMPATH\Boot.php(67): CodeIgniter\Boot::runCodeIgniter(Object(CodeIgniter\CodeIgniter))
10 FCPATH\index.php(56): CodeIgniter\Boot::bootWeb(Object(Config\Paths))
11 SYSTEMPATH\Commands\Server\rewrite.php(49): require_once('C:\\xampp\\htdocs\\perpus-politala\\public\\index.php')
CRITICAL - 2024-07-08 14:15:54 --> [Caused by] mysqli_sql_exception: Unknown column 'Terlengkap' in 'field list'
in SYSTEMPATH\Database\MySQLi\Connection.php on line 308.
 1 SYSTEMPATH\Database\MySQLi\Connection.php(308): mysqli->query('CALL pencarianSederhanaOpacLimit1(Terlengkap & Terfavorit)', 0)
 2 SYSTEMPATH\Database\BaseConnection.php(722): CodeIgniter\Database\MySQLi\Connection->execute('CALL pencarianSederhanaOpacLimit1(Terlengkap & Terfavorit)')
 3 SYSTEMPATH\Database\BaseConnection.php(636): CodeIgniter\Database\BaseConnection->simpleQuery('CALL pencarianSederhanaOpacLimit1(Terlengkap & Terfavorit)')
 4 APPPATH\Models\KatalogModel.php(28): CodeIgniter\Database\BaseConnection->query('CALL pencarianSederhanaOpacLimit1(Terlengkap & Terfavorit)')
 5 APPPATH\Controllers\KatalogController.php(17): App\Models\KatalogModel->cariSederhanaOpac('Terlengkap & Terfavorit')
 6 SYSTEMPATH\CodeIgniter.php(933): App\Controllers\KatalogController->show()
 7 SYSTEMPATH\CodeIgniter.php(509): CodeIgniter\CodeIgniter->runController(Object(App\Controllers\KatalogController))
 8 SYSTEMPATH\CodeIgniter.php(355): CodeIgniter\CodeIgniter->handleRequest(null, Object(Config\Cache), false)
 9 SYSTEMPATH\Boot.php(312): CodeIgniter\CodeIgniter->run()
10 SYSTEMPATH\Boot.php(67): CodeIgniter\Boot::runCodeIgniter(Object(CodeIgniter\CodeIgniter))
11 FCPATH\index.php(56): CodeIgniter\Boot::bootWeb(Object(Config\Paths))
12 SYSTEMPATH\Commands\Server\rewrite.php(49): require_once('C:\\xampp\\htdocs\\perpus-politala\\public\\index.php')
ERROR - 2024-07-08 14:16:07 --> mysqli_sql_exception: Unknown column 'Terlengkap' in 'field list' in C:\xampp\htdocs\perpus-politala\vendor\codeigniter4\framework\system\Database\MySQLi\Connection.php:308
Stack trace:
#0 C:\xampp\htdocs\perpus-politala\vendor\codeigniter4\framework\system\Database\MySQLi\Connection.php(308): mysqli->query('CALL pencarianS...', 0)
#1 C:\xampp\htdocs\perpus-politala\vendor\codeigniter4\framework\system\Database\BaseConnection.php(722): CodeIgniter\Database\MySQLi\Connection->execute('CALL pencarianS...')
#2 C:\xampp\htdocs\perpus-politala\vendor\codeigniter4\framework\system\Database\BaseConnection.php(636): CodeIgniter\Database\BaseConnection->simpleQuery('CALL pencarianS...')
#3 C:\xampp\htdocs\perpus-politala\app\Models\KatalogModel.php(28): CodeIgniter\Database\BaseConnection->query('CALL pencarianS...')
#4 C:\xampp\htdocs\perpus-politala\app\Controllers\KatalogController.php(17): App\Models\KatalogModel->cariSederhanaOpac('Terlengkap Terf...')
#5 C:\xampp\htdocs\perpus-politala\vendor\codeigniter4\framework\system\CodeIgniter.php(933): App\Controllers\KatalogController->show()
#6 C:\xampp\htdocs\perpus-politala\vendor\codeigniter4\framework\system\CodeIgniter.php(509): CodeIgniter\CodeIgniter->runController(Object(App\Controllers\KatalogController))
#7 C:\xampp\htdocs\perpus-politala\vendor\codeigniter4\framework\system\CodeIgniter.php(355): CodeIgniter\CodeIgniter->handleRequest(NULL, Object(Config\Cache), false)
#8 C:\xampp\htdocs\perpus-politala\vendor\codeigniter4\framework\system\Boot.php(312): CodeIgniter\CodeIgniter->run()
#9 C:\xampp\htdocs\perpus-politala\vendor\codeigniter4\framework\system\Boot.php(67): CodeIgniter\Boot::runCodeIgniter(Object(CodeIgniter\CodeIgniter))
#10 C:\xampp\htdocs\perpus-politala\public\index.php(56): CodeIgniter\Boot::bootWeb(Object(Config\Paths))
#11 C:\xampp\htdocs\perpus-politala\vendor\codeigniter4\framework\system\Commands\Server\rewrite.php(49): require_once('C:\\xampp\\htdocs...')
#12 {main}
CRITICAL - 2024-07-08 14:16:07 --> CodeIgniter\Database\Exceptions\DatabaseException: Unknown column 'Terlengkap' in 'field list'
[Method: GET, Route: katalog/]
in SYSTEMPATH\Database\BaseConnection.php on line 676.
 1 APPPATH\Models\KatalogModel.php(28): CodeIgniter\Database\BaseConnection->query('CALL pencarianSederhanaOpacLimit1(Terlengkap Terfavorit)')
 2 APPPATH\Controllers\KatalogController.php(17): App\Models\KatalogModel->cariSederhanaOpac('Terlengkap Terfavorit')
 3 SYSTEMPATH\CodeIgniter.php(933): App\Controllers\KatalogController->show()
 4 SYSTEMPATH\CodeIgniter.php(509): CodeIgniter\CodeIgniter->runController(Object(App\Controllers\KatalogController))
 5 SYSTEMPATH\CodeIgniter.php(355): CodeIgniter\CodeIgniter->handleRequest(null, Object(Config\Cache), false)
 6 SYSTEMPATH\Boot.php(312): CodeIgniter\CodeIgniter->run()
 7 SYSTEMPATH\Boot.php(67): CodeIgniter\Boot::runCodeIgniter(Object(CodeIgniter\CodeIgniter))
 8 FCPATH\index.php(56): CodeIgniter\Boot::bootWeb(Object(Config\Paths))
 9 SYSTEMPATH\Commands\Server\rewrite.php(49): require_once('C:\\xampp\\htdocs\\perpus-politala\\public\\index.php')
CRITICAL - 2024-07-08 14:16:07 --> [Caused by] CodeIgniter\Database\Exceptions\DatabaseException: Unknown column 'Terlengkap' in 'field list'
in SYSTEMPATH\Database\MySQLi\Connection.php on line 313.
 1 SYSTEMPATH\Database\BaseConnection.php(722): CodeIgniter\Database\MySQLi\Connection->execute('CALL pencarianSederhanaOpacLimit1(Terlengkap Terfavorit)')
 2 SYSTEMPATH\Database\BaseConnection.php(636): CodeIgniter\Database\BaseConnection->simpleQuery('CALL pencarianSederhanaOpacLimit1(Terlengkap Terfavorit)')
 3 APPPATH\Models\KatalogModel.php(28): CodeIgniter\Database\BaseConnection->query('CALL pencarianSederhanaOpacLimit1(Terlengkap Terfavorit)')
 4 APPPATH\Controllers\KatalogController.php(17): App\Models\KatalogModel->cariSederhanaOpac('Terlengkap Terfavorit')
 5 SYSTEMPATH\CodeIgniter.php(933): App\Controllers\KatalogController->show()
 6 SYSTEMPATH\CodeIgniter.php(509): CodeIgniter\CodeIgniter->runController(Object(App\Controllers\KatalogController))
 7 SYSTEMPATH\CodeIgniter.php(355): CodeIgniter\CodeIgniter->handleRequest(null, Object(Config\Cache), false)
 8 SYSTEMPATH\Boot.php(312): CodeIgniter\CodeIgniter->run()
 9 SYSTEMPATH\Boot.php(67): CodeIgniter\Boot::runCodeIgniter(Object(CodeIgniter\CodeIgniter))
10 FCPATH\index.php(56): CodeIgniter\Boot::bootWeb(Object(Config\Paths))
11 SYSTEMPATH\Commands\Server\rewrite.php(49): require_once('C:\\xampp\\htdocs\\perpus-politala\\public\\index.php')
CRITICAL - 2024-07-08 14:16:07 --> [Caused by] mysqli_sql_exception: Unknown column 'Terlengkap' in 'field list'
in SYSTEMPATH\Database\MySQLi\Connection.php on line 308.
 1 SYSTEMPATH\Database\MySQLi\Connection.php(308): mysqli->query('CALL pencarianSederhanaOpacLimit1(Terlengkap Terfavorit)', 0)
 2 SYSTEMPATH\Database\BaseConnection.php(722): CodeIgniter\Database\MySQLi\Connection->execute('CALL pencarianSederhanaOpacLimit1(Terlengkap Terfavorit)')
 3 SYSTEMPATH\Database\BaseConnection.php(636): CodeIgniter\Database\BaseConnection->simpleQuery('CALL pencarianSederhanaOpacLimit1(Terlengkap Terfavorit)')
 4 APPPATH\Models\KatalogModel.php(28): CodeIgniter\Database\BaseConnection->query('CALL pencarianSederhanaOpacLimit1(Terlengkap Terfavorit)')
 5 APPPATH\Controllers\KatalogController.php(17): App\Models\KatalogModel->cariSederhanaOpac('Terlengkap Terfavorit')
 6 SYSTEMPATH\CodeIgniter.php(933): App\Controllers\KatalogController->show()
 7 SYSTEMPATH\CodeIgniter.php(509): CodeIgniter\CodeIgniter->runController(Object(App\Controllers\KatalogController))
 8 SYSTEMPATH\CodeIgniter.php(355): CodeIgniter\CodeIgniter->handleRequest(null, Object(Config\Cache), false)
 9 SYSTEMPATH\Boot.php(312): CodeIgniter\CodeIgniter->run()
10 SYSTEMPATH\Boot.php(67): CodeIgniter\Boot::runCodeIgniter(Object(CodeIgniter\CodeIgniter))
11 FCPATH\index.php(56): CodeIgniter\Boot::bootWeb(Object(Config\Paths))
12 SYSTEMPATH\Commands\Server\rewrite.php(49): require_once('C:\\xampp\\htdocs\\perpus-politala\\public\\index.php')
ERROR - 2024-07-08 14:16:09 --> mysqli_sql_exception: Unknown column 'Terlengkap' in 'field list' in C:\xampp\htdocs\perpus-politala\vendor\codeigniter4\framework\system\Database\MySQLi\Connection.php:308
Stack trace:
#0 C:\xampp\htdocs\perpus-politala\vendor\codeigniter4\framework\system\Database\MySQLi\Connection.php(308): mysqli->query('CALL pencarianS...', 0)
#1 C:\xampp\htdocs\perpus-politala\vendor\codeigniter4\framework\system\Database\BaseConnection.php(722): CodeIgniter\Database\MySQLi\Connection->execute('CALL pencarianS...')
#2 C:\xampp\htdocs\perpus-politala\vendor\codeigniter4\framework\system\Database\BaseConnection.php(636): CodeIgniter\Database\BaseConnection->simpleQuery('CALL pencarianS...')
#3 C:\xampp\htdocs\perpus-politala\app\Models\KatalogModel.php(28): CodeIgniter\Database\BaseConnection->query('CALL pencarianS...')
#4 C:\xampp\htdocs\perpus-politala\app\Controllers\KatalogController.php(17): App\Models\KatalogModel->cariSederhanaOpac('Terlengkap Terf...')
#5 C:\xampp\htdocs\perpus-politala\vendor\codeigniter4\framework\system\CodeIgniter.php(933): App\Controllers\KatalogController->show()
#6 C:\xampp\htdocs\perpus-politala\vendor\codeigniter4\framework\system\CodeIgniter.php(509): CodeIgniter\CodeIgniter->runController(Object(App\Controllers\KatalogController))
#7 C:\xampp\htdocs\perpus-politala\vendor\codeigniter4\framework\system\CodeIgniter.php(355): CodeIgniter\CodeIgniter->handleRequest(NULL, Object(Config\Cache), false)
#8 C:\xampp\htdocs\perpus-politala\vendor\codeigniter4\framework\system\Boot.php(312): CodeIgniter\CodeIgniter->run()
#9 C:\xampp\htdocs\perpus-politala\vendor\codeigniter4\framework\system\Boot.php(67): CodeIgniter\Boot::runCodeIgniter(Object(CodeIgniter\CodeIgniter))
#10 C:\xampp\htdocs\perpus-politala\public\index.php(56): CodeIgniter\Boot::bootWeb(Object(Config\Paths))
#11 C:\xampp\htdocs\perpus-politala\vendor\codeigniter4\framework\system\Commands\Server\rewrite.php(49): require_once('C:\\xampp\\htdocs...')
#12 {main}
CRITICAL - 2024-07-08 14:16:09 --> CodeIgniter\Database\Exceptions\DatabaseException: Unknown column 'Terlengkap' in 'field list'
[Method: GET, Route: katalog/]
in SYSTEMPATH\Database\BaseConnection.php on line 676.
 1 APPPATH\Models\KatalogModel.php(28): CodeIgniter\Database\BaseConnection->query('CALL pencarianSederhanaOpacLimit1(Terlengkap Terfavorit)')
 2 APPPATH\Controllers\KatalogController.php(17): App\Models\KatalogModel->cariSederhanaOpac('Terlengkap Terfavorit')
 3 SYSTEMPATH\CodeIgniter.php(933): App\Controllers\KatalogController->show()
 4 SYSTEMPATH\CodeIgniter.php(509): CodeIgniter\CodeIgniter->runController(Object(App\Controllers\KatalogController))
 5 SYSTEMPATH\CodeIgniter.php(355): CodeIgniter\CodeIgniter->handleRequest(null, Object(Config\Cache), false)
 6 SYSTEMPATH\Boot.php(312): CodeIgniter\CodeIgniter->run()
 7 SYSTEMPATH\Boot.php(67): CodeIgniter\Boot::runCodeIgniter(Object(CodeIgniter\CodeIgniter))
 8 FCPATH\index.php(56): CodeIgniter\Boot::bootWeb(Object(Config\Paths))
 9 SYSTEMPATH\Commands\Server\rewrite.php(49): require_once('C:\\xampp\\htdocs\\perpus-politala\\public\\index.php')
CRITICAL - 2024-07-08 14:16:09 --> [Caused by] CodeIgniter\Database\Exceptions\DatabaseException: Unknown column 'Terlengkap' in 'field list'
in SYSTEMPATH\Database\MySQLi\Connection.php on line 313.
 1 SYSTEMPATH\Database\BaseConnection.php(722): CodeIgniter\Database\MySQLi\Connection->execute('CALL pencarianSederhanaOpacLimit1(Terlengkap Terfavorit)')
 2 SYSTEMPATH\Database\BaseConnection.php(636): CodeIgniter\Database\BaseConnection->simpleQuery('CALL pencarianSederhanaOpacLimit1(Terlengkap Terfavorit)')
 3 APPPATH\Models\KatalogModel.php(28): CodeIgniter\Database\BaseConnection->query('CALL pencarianSederhanaOpacLimit1(Terlengkap Terfavorit)')
 4 APPPATH\Controllers\KatalogController.php(17): App\Models\KatalogModel->cariSederhanaOpac('Terlengkap Terfavorit')
 5 SYSTEMPATH\CodeIgniter.php(933): App\Controllers\KatalogController->show()
 6 SYSTEMPATH\CodeIgniter.php(509): CodeIgniter\CodeIgniter->runController(Object(App\Controllers\KatalogController))
 7 SYSTEMPATH\CodeIgniter.php(355): CodeIgniter\CodeIgniter->handleRequest(null, Object(Config\Cache), false)
 8 SYSTEMPATH\Boot.php(312): CodeIgniter\CodeIgniter->run()
 9 SYSTEMPATH\Boot.php(67): CodeIgniter\Boot::runCodeIgniter(Object(CodeIgniter\CodeIgniter))
10 FCPATH\index.php(56): CodeIgniter\Boot::bootWeb(Object(Config\Paths))
11 SYSTEMPATH\Commands\Server\rewrite.php(49): require_once('C:\\xampp\\htdocs\\perpus-politala\\public\\index.php')
CRITICAL - 2024-07-08 14:16:09 --> [Caused by] mysqli_sql_exception: Unknown column 'Terlengkap' in 'field list'
in SYSTEMPATH\Database\MySQLi\Connection.php on line 308.
 1 SYSTEMPATH\Database\MySQLi\Connection.php(308): mysqli->query('CALL pencarianSederhanaOpacLimit1(Terlengkap Terfavorit)', 0)
 2 SYSTEMPATH\Database\BaseConnection.php(722): CodeIgniter\Database\MySQLi\Connection->execute('CALL pencarianSederhanaOpacLimit1(Terlengkap Terfavorit)')
 3 SYSTEMPATH\Database\BaseConnection.php(636): CodeIgniter\Database\BaseConnection->simpleQuery('CALL pencarianSederhanaOpacLimit1(Terlengkap Terfavorit)')
 4 APPPATH\Models\KatalogModel.php(28): CodeIgniter\Database\BaseConnection->query('CALL pencarianSederhanaOpacLimit1(Terlengkap Terfavorit)')
 5 APPPATH\Controllers\KatalogController.php(17): App\Models\KatalogModel->cariSederhanaOpac('Terlengkap Terfavorit')
 6 SYSTEMPATH\CodeIgniter.php(933): App\Controllers\KatalogController->show()
 7 SYSTEMPATH\CodeIgniter.php(509): CodeIgniter\CodeIgniter->runController(Object(App\Controllers\KatalogController))
 8 SYSTEMPATH\CodeIgniter.php(355): CodeIgniter\CodeIgniter->handleRequest(null, Object(Config\Cache), false)
 9 SYSTEMPATH\Boot.php(312): CodeIgniter\CodeIgniter->run()
10 SYSTEMPATH\Boot.php(67): CodeIgniter\Boot::runCodeIgniter(Object(CodeIgniter\CodeIgniter))
11 FCPATH\index.php(56): CodeIgniter\Boot::bootWeb(Object(Config\Paths))
12 SYSTEMPATH\Commands\Server\rewrite.php(49): require_once('C:\\xampp\\htdocs\\perpus-politala\\public\\index.php')
ERROR - 2024-07-08 14:16:13 --> mysqli_sql_exception: Unknown column 'TerlengkapTerfavorit' in 'field list' in C:\xampp\htdocs\perpus-politala\vendor\codeigniter4\framework\system\Database\MySQLi\Connection.php:308
Stack trace:
#0 C:\xampp\htdocs\perpus-politala\vendor\codeigniter4\framework\system\Database\MySQLi\Connection.php(308): mysqli->query('CALL pencarianS...', 0)
#1 C:\xampp\htdocs\perpus-politala\vendor\codeigniter4\framework\system\Database\BaseConnection.php(722): CodeIgniter\Database\MySQLi\Connection->execute('CALL pencarianS...')
#2 C:\xampp\htdocs\perpus-politala\vendor\codeigniter4\framework\system\Database\BaseConnection.php(636): CodeIgniter\Database\BaseConnection->simpleQuery('CALL pencarianS...')
#3 C:\xampp\htdocs\perpus-politala\app\Models\KatalogModel.php(28): CodeIgniter\Database\BaseConnection->query('CALL pencarianS...')
#4 C:\xampp\htdocs\perpus-politala\app\Controllers\KatalogController.php(17): App\Models\KatalogModel->cariSederhanaOpac('TerlengkapTerfa...')
#5 C:\xampp\htdocs\perpus-politala\vendor\codeigniter4\framework\system\CodeIgniter.php(933): App\Controllers\KatalogController->show()
#6 C:\xampp\htdocs\perpus-politala\vendor\codeigniter4\framework\system\CodeIgniter.php(509): CodeIgniter\CodeIgniter->runController(Object(App\Controllers\KatalogController))
#7 C:\xampp\htdocs\perpus-politala\vendor\codeigniter4\framework\system\CodeIgniter.php(355): CodeIgniter\CodeIgniter->handleRequest(NULL, Object(Config\Cache), false)
#8 C:\xampp\htdocs\perpus-politala\vendor\codeigniter4\framework\system\Boot.php(312): CodeIgniter\CodeIgniter->run()
#9 C:\xampp\htdocs\perpus-politala\vendor\codeigniter4\framework\system\Boot.php(67): CodeIgniter\Boot::runCodeIgniter(Object(CodeIgniter\CodeIgniter))
#10 C:\xampp\htdocs\perpus-politala\public\index.php(56): CodeIgniter\Boot::bootWeb(Object(Config\Paths))
#11 C:\xampp\htdocs\perpus-politala\vendor\codeigniter4\framework\system\Commands\Server\rewrite.php(49): require_once('C:\\xampp\\htdocs...')
#12 {main}
CRITICAL - 2024-07-08 14:16:13 --> CodeIgniter\Database\Exceptions\DatabaseException: Unknown column 'TerlengkapTerfavorit' in 'field list'
[Method: GET, Route: katalog/]
in SYSTEMPATH\Database\BaseConnection.php on line 676.
 1 APPPATH\Models\KatalogModel.php(28): CodeIgniter\Database\BaseConnection->query('CALL pencarianSederhanaOpacLimit1(TerlengkapTerfavorit)')
 2 APPPATH\Controllers\KatalogController.php(17): App\Models\KatalogModel->cariSederhanaOpac('TerlengkapTerfavorit')
 3 SYSTEMPATH\CodeIgniter.php(933): App\Controllers\KatalogController->show()
 4 SYSTEMPATH\CodeIgniter.php(509): CodeIgniter\CodeIgniter->runController(Object(App\Controllers\KatalogController))
 5 SYSTEMPATH\CodeIgniter.php(355): CodeIgniter\CodeIgniter->handleRequest(null, Object(Config\Cache), false)
 6 SYSTEMPATH\Boot.php(312): CodeIgniter\CodeIgniter->run()
 7 SYSTEMPATH\Boot.php(67): CodeIgniter\Boot::runCodeIgniter(Object(CodeIgniter\CodeIgniter))
 8 FCPATH\index.php(56): CodeIgniter\Boot::bootWeb(Object(Config\Paths))
 9 SYSTEMPATH\Commands\Server\rewrite.php(49): require_once('C:\\xampp\\htdocs\\perpus-politala\\public\\index.php')
CRITICAL - 2024-07-08 14:16:13 --> [Caused by] CodeIgniter\Database\Exceptions\DatabaseException: Unknown column 'TerlengkapTerfavorit' in 'field list'
in SYSTEMPATH\Database\MySQLi\Connection.php on line 313.
 1 SYSTEMPATH\Database\BaseConnection.php(722): CodeIgniter\Database\MySQLi\Connection->execute('CALL pencarianSederhanaOpacLimit1(TerlengkapTerfavorit)')
 2 SYSTEMPATH\Database\BaseConnection.php(636): CodeIgniter\Database\BaseConnection->simpleQuery('CALL pencarianSederhanaOpacLimit1(TerlengkapTerfavorit)')
 3 APPPATH\Models\KatalogModel.php(28): CodeIgniter\Database\BaseConnection->query('CALL pencarianSederhanaOpacLimit1(TerlengkapTerfavorit)')
 4 APPPATH\Controllers\KatalogController.php(17): App\Models\KatalogModel->cariSederhanaOpac('TerlengkapTerfavorit')
 5 SYSTEMPATH\CodeIgniter.php(933): App\Controllers\KatalogController->show()
 6 SYSTEMPATH\CodeIgniter.php(509): CodeIgniter\CodeIgniter->runController(Object(App\Controllers\KatalogController))
 7 SYSTEMPATH\CodeIgniter.php(355): CodeIgniter\CodeIgniter->handleRequest(null, Object(Config\Cache), false)
 8 SYSTEMPATH\Boot.php(312): CodeIgniter\CodeIgniter->run()
 9 SYSTEMPATH\Boot.php(67): CodeIgniter\Boot::runCodeIgniter(Object(CodeIgniter\CodeIgniter))
10 FCPATH\index.php(56): CodeIgniter\Boot::bootWeb(Object(Config\Paths))
11 SYSTEMPATH\Commands\Server\rewrite.php(49): require_once('C:\\xampp\\htdocs\\perpus-politala\\public\\index.php')
CRITICAL - 2024-07-08 14:16:13 --> [Caused by] mysqli_sql_exception: Unknown column 'TerlengkapTerfavorit' in 'field list'
in SYSTEMPATH\Database\MySQLi\Connection.php on line 308.
 1 SYSTEMPATH\Database\MySQLi\Connection.php(308): mysqli->query('CALL pencarianSederhanaOpacLimit1(TerlengkapTerfavorit)', 0)
 2 SYSTEMPATH\Database\BaseConnection.php(722): CodeIgniter\Database\MySQLi\Connection->execute('CALL pencarianSederhanaOpacLimit1(TerlengkapTerfavorit)')
 3 SYSTEMPATH\Database\BaseConnection.php(636): CodeIgniter\Database\BaseConnection->simpleQuery('CALL pencarianSederhanaOpacLimit1(TerlengkapTerfavorit)')
 4 APPPATH\Models\KatalogModel.php(28): CodeIgniter\Database\BaseConnection->query('CALL pencarianSederhanaOpacLimit1(TerlengkapTerfavorit)')
 5 APPPATH\Controllers\KatalogController.php(17): App\Models\KatalogModel->cariSederhanaOpac('TerlengkapTerfavorit')
 6 SYSTEMPATH\CodeIgniter.php(933): App\Controllers\KatalogController->show()
 7 SYSTEMPATH\CodeIgniter.php(509): CodeIgniter\CodeIgniter->runController(Object(App\Controllers\KatalogController))
 8 SYSTEMPATH\CodeIgniter.php(355): CodeIgniter\CodeIgniter->handleRequest(null, Object(Config\Cache), false)
 9 SYSTEMPATH\Boot.php(312): CodeIgniter\CodeIgniter->run()
10 SYSTEMPATH\Boot.php(67): CodeIgniter\Boot::runCodeIgniter(Object(CodeIgniter\CodeIgniter))
11 FCPATH\index.php(56): CodeIgniter\Boot::bootWeb(Object(Config\Paths))
12 SYSTEMPATH\Commands\Server\rewrite.php(49): require_once('C:\\xampp\\htdocs\\perpus-politala\\public\\index.php')
ERROR - 2024-07-08 14:16:36 --> mysqli_sql_exception: Unknown column 'TerlengkapTerfavorit' in 'field list' in C:\xampp\htdocs\perpus-politala\vendor\codeigniter4\framework\system\Database\MySQLi\Connection.php:308
Stack trace:
#0 C:\xampp\htdocs\perpus-politala\vendor\codeigniter4\framework\system\Database\MySQLi\Connection.php(308): mysqli->query('CALL pencarianS...', 0)
#1 C:\xampp\htdocs\perpus-politala\vendor\codeigniter4\framework\system\Database\BaseConnection.php(722): CodeIgniter\Database\MySQLi\Connection->execute('CALL pencarianS...')
#2 C:\xampp\htdocs\perpus-politala\vendor\codeigniter4\framework\system\Database\BaseConnection.php(636): CodeIgniter\Database\BaseConnection->simpleQuery('CALL pencarianS...')
#3 C:\xampp\htdocs\perpus-politala\app\Models\KatalogModel.php(28): CodeIgniter\Database\BaseConnection->query('CALL pencarianS...')
#4 C:\xampp\htdocs\perpus-politala\app\Controllers\KatalogController.php(17): App\Models\KatalogModel->cariSederhanaOpac('TerlengkapTerfa...')
#5 C:\xampp\htdocs\perpus-politala\vendor\codeigniter4\framework\system\CodeIgniter.php(933): App\Controllers\KatalogController->show()
#6 C:\xampp\htdocs\perpus-politala\vendor\codeigniter4\framework\system\CodeIgniter.php(509): CodeIgniter\CodeIgniter->runController(Object(App\Controllers\KatalogController))
#7 C:\xampp\htdocs\perpus-politala\vendor\codeigniter4\framework\system\CodeIgniter.php(355): CodeIgniter\CodeIgniter->handleRequest(NULL, Object(Config\Cache), false)
#8 C:\xampp\htdocs\perpus-politala\vendor\codeigniter4\framework\system\Boot.php(312): CodeIgniter\CodeIgniter->run()
#9 C:\xampp\htdocs\perpus-politala\vendor\codeigniter4\framework\system\Boot.php(67): CodeIgniter\Boot::runCodeIgniter(Object(CodeIgniter\CodeIgniter))
#10 C:\xampp\htdocs\perpus-politala\public\index.php(56): CodeIgniter\Boot::bootWeb(Object(Config\Paths))
#11 C:\xampp\htdocs\perpus-politala\vendor\codeigniter4\framework\system\Commands\Server\rewrite.php(49): require_once('C:\\xampp\\htdocs...')
#12 {main}
CRITICAL - 2024-07-08 14:16:36 --> CodeIgniter\Database\Exceptions\DatabaseException: Unknown column 'TerlengkapTerfavorit' in 'field list'
[Method: GET, Route: katalog/]
in SYSTEMPATH\Database\BaseConnection.php on line 676.
 1 APPPATH\Models\KatalogModel.php(28): CodeIgniter\Database\BaseConnection->query('CALL pencarianSederhanaOpacLimit1(TerlengkapTerfavorit)')
 2 APPPATH\Controllers\KatalogController.php(17): App\Models\KatalogModel->cariSederhanaOpac('TerlengkapTerfavorit')
 3 SYSTEMPATH\CodeIgniter.php(933): App\Controllers\KatalogController->show()
 4 SYSTEMPATH\CodeIgniter.php(509): CodeIgniter\CodeIgniter->runController(Object(App\Controllers\KatalogController))
 5 SYSTEMPATH\CodeIgniter.php(355): CodeIgniter\CodeIgniter->handleRequest(null, Object(Config\Cache), false)
 6 SYSTEMPATH\Boot.php(312): CodeIgniter\CodeIgniter->run()
 7 SYSTEMPATH\Boot.php(67): CodeIgniter\Boot::runCodeIgniter(Object(CodeIgniter\CodeIgniter))
 8 FCPATH\index.php(56): CodeIgniter\Boot::bootWeb(Object(Config\Paths))
 9 SYSTEMPATH\Commands\Server\rewrite.php(49): require_once('C:\\xampp\\htdocs\\perpus-politala\\public\\index.php')
CRITICAL - 2024-07-08 14:16:36 --> [Caused by] CodeIgniter\Database\Exceptions\DatabaseException: Unknown column 'TerlengkapTerfavorit' in 'field list'
in SYSTEMPATH\Database\MySQLi\Connection.php on line 313.
 1 SYSTEMPATH\Database\BaseConnection.php(722): CodeIgniter\Database\MySQLi\Connection->execute('CALL pencarianSederhanaOpacLimit1(TerlengkapTerfavorit)')
 2 SYSTEMPATH\Database\BaseConnection.php(636): CodeIgniter\Database\BaseConnection->simpleQuery('CALL pencarianSederhanaOpacLimit1(TerlengkapTerfavorit)')
 3 APPPATH\Models\KatalogModel.php(28): CodeIgniter\Database\BaseConnection->query('CALL pencarianSederhanaOpacLimit1(TerlengkapTerfavorit)')
 4 APPPATH\Controllers\KatalogController.php(17): App\Models\KatalogModel->cariSederhanaOpac('TerlengkapTerfavorit')
 5 SYSTEMPATH\CodeIgniter.php(933): App\Controllers\KatalogController->show()
 6 SYSTEMPATH\CodeIgniter.php(509): CodeIgniter\CodeIgniter->runController(Object(App\Controllers\KatalogController))
 7 SYSTEMPATH\CodeIgniter.php(355): CodeIgniter\CodeIgniter->handleRequest(null, Object(Config\Cache), false)
 8 SYSTEMPATH\Boot.php(312): CodeIgniter\CodeIgniter->run()
 9 SYSTEMPATH\Boot.php(67): CodeIgniter\Boot::runCodeIgniter(Object(CodeIgniter\CodeIgniter))
10 FCPATH\index.php(56): CodeIgniter\Boot::bootWeb(Object(Config\Paths))
11 SYSTEMPATH\Commands\Server\rewrite.php(49): require_once('C:\\xampp\\htdocs\\perpus-politala\\public\\index.php')
CRITICAL - 2024-07-08 14:16:36 --> [Caused by] mysqli_sql_exception: Unknown column 'TerlengkapTerfavorit' in 'field list'
in SYSTEMPATH\Database\MySQLi\Connection.php on line 308.
 1 SYSTEMPATH\Database\MySQLi\Connection.php(308): mysqli->query('CALL pencarianSederhanaOpacLimit1(TerlengkapTerfavorit)', 0)
 2 SYSTEMPATH\Database\BaseConnection.php(722): CodeIgniter\Database\MySQLi\Connection->execute('CALL pencarianSederhanaOpacLimit1(TerlengkapTerfavorit)')
 3 SYSTEMPATH\Database\BaseConnection.php(636): CodeIgniter\Database\BaseConnection->simpleQuery('CALL pencarianSederhanaOpacLimit1(TerlengkapTerfavorit)')
 4 APPPATH\Models\KatalogModel.php(28): CodeIgniter\Database\BaseConnection->query('CALL pencarianSederhanaOpacLimit1(TerlengkapTerfavorit)')
 5 APPPATH\Controllers\KatalogController.php(17): App\Models\KatalogModel->cariSederhanaOpac('TerlengkapTerfavorit')
 6 SYSTEMPATH\CodeIgniter.php(933): App\Controllers\KatalogController->show()
 7 SYSTEMPATH\CodeIgniter.php(509): CodeIgniter\CodeIgniter->runController(Object(App\Controllers\KatalogController))
 8 SYSTEMPATH\CodeIgniter.php(355): CodeIgniter\CodeIgniter->handleRequest(null, Object(Config\Cache), false)
 9 SYSTEMPATH\Boot.php(312): CodeIgniter\CodeIgniter->run()
10 SYSTEMPATH\Boot.php(67): CodeIgniter\Boot::runCodeIgniter(Object(CodeIgniter\CodeIgniter))
11 FCPATH\index.php(56): CodeIgniter\Boot::bootWeb(Object(Config\Paths))
12 SYSTEMPATH\Commands\Server\rewrite.php(49): require_once('C:\\xampp\\htdocs\\perpus-politala\\public\\index.php')
ERROR - 2024-07-08 14:16:42 --> mysqli_sql_exception: Unknown column 'John' in 'field list' in C:\xampp\htdocs\perpus-politala\vendor\codeigniter4\framework\system\Database\MySQLi\Connection.php:308
Stack trace:
#0 C:\xampp\htdocs\perpus-politala\vendor\codeigniter4\framework\system\Database\MySQLi\Connection.php(308): mysqli->query('CALL pencarianS...', 0)
#1 C:\xampp\htdocs\perpus-politala\vendor\codeigniter4\framework\system\Database\BaseConnection.php(722): CodeIgniter\Database\MySQLi\Connection->execute('CALL pencarianS...')
#2 C:\xampp\htdocs\perpus-politala\vendor\codeigniter4\framework\system\Database\BaseConnection.php(636): CodeIgniter\Database\BaseConnection->simpleQuery('CALL pencarianS...')
#3 C:\xampp\htdocs\perpus-politala\app\Models\KatalogModel.php(28): CodeIgniter\Database\BaseConnection->query('CALL pencarianS...')
#4 C:\xampp\htdocs\perpus-politala\app\Controllers\KatalogController.php(17): App\Models\KatalogModel->cariSederhanaOpac('John')
#5 C:\xampp\htdocs\perpus-politala\vendor\codeigniter4\framework\system\CodeIgniter.php(933): App\Controllers\KatalogController->show()
#6 C:\xampp\htdocs\perpus-politala\vendor\codeigniter4\framework\system\CodeIgniter.php(509): CodeIgniter\CodeIgniter->runController(Object(App\Controllers\KatalogController))
#7 C:\xampp\htdocs\perpus-politala\vendor\codeigniter4\framework\system\CodeIgniter.php(355): CodeIgniter\CodeIgniter->handleRequest(NULL, Object(Config\Cache), false)
#8 C:\xampp\htdocs\perpus-politala\vendor\codeigniter4\framework\system\Boot.php(312): CodeIgniter\CodeIgniter->run()
#9 C:\xampp\htdocs\perpus-politala\vendor\codeigniter4\framework\system\Boot.php(67): CodeIgniter\Boot::runCodeIgniter(Object(CodeIgniter\CodeIgniter))
#10 C:\xampp\htdocs\perpus-politala\public\index.php(56): CodeIgniter\Boot::bootWeb(Object(Config\Paths))
#11 C:\xampp\htdocs\perpus-politala\vendor\codeigniter4\framework\system\Commands\Server\rewrite.php(49): require_once('C:\\xampp\\htdocs...')
#12 {main}
CRITICAL - 2024-07-08 14:16:42 --> CodeIgniter\Database\Exceptions\DatabaseException: Unknown column 'John' in 'field list'
[Method: GET, Route: katalog/]
in SYSTEMPATH\Database\BaseConnection.php on line 676.
 1 APPPATH\Models\KatalogModel.php(28): CodeIgniter\Database\BaseConnection->query('CALL pencarianSederhanaOpacLimit1(John)')
 2 APPPATH\Controllers\KatalogController.php(17): App\Models\KatalogModel->cariSederhanaOpac('John')
 3 SYSTEMPATH\CodeIgniter.php(933): App\Controllers\KatalogController->show()
 4 SYSTEMPATH\CodeIgniter.php(509): CodeIgniter\CodeIgniter->runController(Object(App\Controllers\KatalogController))
 5 SYSTEMPATH\CodeIgniter.php(355): CodeIgniter\CodeIgniter->handleRequest(null, Object(Config\Cache), false)
 6 SYSTEMPATH\Boot.php(312): CodeIgniter\CodeIgniter->run()
 7 SYSTEMPATH\Boot.php(67): CodeIgniter\Boot::runCodeIgniter(Object(CodeIgniter\CodeIgniter))
 8 FCPATH\index.php(56): CodeIgniter\Boot::bootWeb(Object(Config\Paths))
 9 SYSTEMPATH\Commands\Server\rewrite.php(49): require_once('C:\\xampp\\htdocs\\perpus-politala\\public\\index.php')
CRITICAL - 2024-07-08 14:16:42 --> [Caused by] CodeIgniter\Database\Exceptions\DatabaseException: Unknown column 'John' in 'field list'
in SYSTEMPATH\Database\MySQLi\Connection.php on line 313.
 1 SYSTEMPATH\Database\BaseConnection.php(722): CodeIgniter\Database\MySQLi\Connection->execute('CALL pencarianSederhanaOpacLimit1(John)')
 2 SYSTEMPATH\Database\BaseConnection.php(636): CodeIgniter\Database\BaseConnection->simpleQuery('CALL pencarianSederhanaOpacLimit1(John)')
 3 APPPATH\Models\KatalogModel.php(28): CodeIgniter\Database\BaseConnection->query('CALL pencarianSederhanaOpacLimit1(John)')
 4 APPPATH\Controllers\KatalogController.php(17): App\Models\KatalogModel->cariSederhanaOpac('John')
 5 SYSTEMPATH\CodeIgniter.php(933): App\Controllers\KatalogController->show()
 6 SYSTEMPATH\CodeIgniter.php(509): CodeIgniter\CodeIgniter->runController(Object(App\Controllers\KatalogController))
 7 SYSTEMPATH\CodeIgniter.php(355): CodeIgniter\CodeIgniter->handleRequest(null, Object(Config\Cache), false)
 8 SYSTEMPATH\Boot.php(312): CodeIgniter\CodeIgniter->run()
 9 SYSTEMPATH\Boot.php(67): CodeIgniter\Boot::runCodeIgniter(Object(CodeIgniter\CodeIgniter))
10 FCPATH\index.php(56): CodeIgniter\Boot::bootWeb(Object(Config\Paths))
11 SYSTEMPATH\Commands\Server\rewrite.php(49): require_once('C:\\xampp\\htdocs\\perpus-politala\\public\\index.php')
CRITICAL - 2024-07-08 14:16:42 --> [Caused by] mysqli_sql_exception: Unknown column 'John' in 'field list'
in SYSTEMPATH\Database\MySQLi\Connection.php on line 308.
 1 SYSTEMPATH\Database\MySQLi\Connection.php(308): mysqli->query('CALL pencarianSederhanaOpacLimit1(John)', 0)
 2 SYSTEMPATH\Database\BaseConnection.php(722): CodeIgniter\Database\MySQLi\Connection->execute('CALL pencarianSederhanaOpacLimit1(John)')
 3 SYSTEMPATH\Database\BaseConnection.php(636): CodeIgniter\Database\BaseConnection->simpleQuery('CALL pencarianSederhanaOpacLimit1(John)')
 4 APPPATH\Models\KatalogModel.php(28): CodeIgniter\Database\BaseConnection->query('CALL pencarianSederhanaOpacLimit1(John)')
 5 APPPATH\Controllers\KatalogController.php(17): App\Models\KatalogModel->cariSederhanaOpac('John')
 6 SYSTEMPATH\CodeIgniter.php(933): App\Controllers\KatalogController->show()
 7 SYSTEMPATH\CodeIgniter.php(509): CodeIgniter\CodeIgniter->runController(Object(App\Controllers\KatalogController))
 8 SYSTEMPATH\CodeIgniter.php(355): CodeIgniter\CodeIgniter->handleRequest(null, Object(Config\Cache), false)
 9 SYSTEMPATH\Boot.php(312): CodeIgniter\CodeIgniter->run()
10 SYSTEMPATH\Boot.php(67): CodeIgniter\Boot::runCodeIgniter(Object(CodeIgniter\CodeIgniter))
11 FCPATH\index.php(56): CodeIgniter\Boot::bootWeb(Object(Config\Paths))
12 SYSTEMPATH\Commands\Server\rewrite.php(49): require_once('C:\\xampp\\htdocs\\perpus-politala\\public\\index.php')
ERROR - 2024-07-08 14:16:43 --> mysqli_sql_exception: Unknown column 'John' in 'field list' in C:\xampp\htdocs\perpus-politala\vendor\codeigniter4\framework\system\Database\MySQLi\Connection.php:308
Stack trace:
#0 C:\xampp\htdocs\perpus-politala\vendor\codeigniter4\framework\system\Database\MySQLi\Connection.php(308): mysqli->query('CALL pencarianS...', 0)
#1 C:\xampp\htdocs\perpus-politala\vendor\codeigniter4\framework\system\Database\BaseConnection.php(722): CodeIgniter\Database\MySQLi\Connection->execute('CALL pencarianS...')
#2 C:\xampp\htdocs\perpus-politala\vendor\codeigniter4\framework\system\Database\BaseConnection.php(636): CodeIgniter\Database\BaseConnection->simpleQuery('CALL pencarianS...')
#3 C:\xampp\htdocs\perpus-politala\app\Models\KatalogModel.php(28): CodeIgniter\Database\BaseConnection->query('CALL pencarianS...')
#4 C:\xampp\htdocs\perpus-politala\app\Controllers\KatalogController.php(17): App\Models\KatalogModel->cariSederhanaOpac('John')
#5 C:\xampp\htdocs\perpus-politala\vendor\codeigniter4\framework\system\CodeIgniter.php(933): App\Controllers\KatalogController->show()
#6 C:\xampp\htdocs\perpus-politala\vendor\codeigniter4\framework\system\CodeIgniter.php(509): CodeIgniter\CodeIgniter->runController(Object(App\Controllers\KatalogController))
#7 C:\xampp\htdocs\perpus-politala\vendor\codeigniter4\framework\system\CodeIgniter.php(355): CodeIgniter\CodeIgniter->handleRequest(NULL, Object(Config\Cache), false)
#8 C:\xampp\htdocs\perpus-politala\vendor\codeigniter4\framework\system\Boot.php(312): CodeIgniter\CodeIgniter->run()
#9 C:\xampp\htdocs\perpus-politala\vendor\codeigniter4\framework\system\Boot.php(67): CodeIgniter\Boot::runCodeIgniter(Object(CodeIgniter\CodeIgniter))
#10 C:\xampp\htdocs\perpus-politala\public\index.php(56): CodeIgniter\Boot::bootWeb(Object(Config\Paths))
#11 C:\xampp\htdocs\perpus-politala\vendor\codeigniter4\framework\system\Commands\Server\rewrite.php(49): require_once('C:\\xampp\\htdocs...')
#12 {main}
CRITICAL - 2024-07-08 14:16:43 --> CodeIgniter\Database\Exceptions\DatabaseException: Unknown column 'John' in 'field list'
[Method: GET, Route: katalog/]
in SYSTEMPATH\Database\BaseConnection.php on line 676.
 1 APPPATH\Models\KatalogModel.php(28): CodeIgniter\Database\BaseConnection->query('CALL pencarianSederhanaOpacLimit1(John)')
 2 APPPATH\Controllers\KatalogController.php(17): App\Models\KatalogModel->cariSederhanaOpac('John')
 3 SYSTEMPATH\CodeIgniter.php(933): App\Controllers\KatalogController->show()
 4 SYSTEMPATH\CodeIgniter.php(509): CodeIgniter\CodeIgniter->runController(Object(App\Controllers\KatalogController))
 5 SYSTEMPATH\CodeIgniter.php(355): CodeIgniter\CodeIgniter->handleRequest(null, Object(Config\Cache), false)
 6 SYSTEMPATH\Boot.php(312): CodeIgniter\CodeIgniter->run()
 7 SYSTEMPATH\Boot.php(67): CodeIgniter\Boot::runCodeIgniter(Object(CodeIgniter\CodeIgniter))
 8 FCPATH\index.php(56): CodeIgniter\Boot::bootWeb(Object(Config\Paths))
 9 SYSTEMPATH\Commands\Server\rewrite.php(49): require_once('C:\\xampp\\htdocs\\perpus-politala\\public\\index.php')
CRITICAL - 2024-07-08 14:16:43 --> [Caused by] CodeIgniter\Database\Exceptions\DatabaseException: Unknown column 'John' in 'field list'
in SYSTEMPATH\Database\MySQLi\Connection.php on line 313.
 1 SYSTEMPATH\Database\BaseConnection.php(722): CodeIgniter\Database\MySQLi\Connection->execute('CALL pencarianSederhanaOpacLimit1(John)')
 2 SYSTEMPATH\Database\BaseConnection.php(636): CodeIgniter\Database\BaseConnection->simpleQuery('CALL pencarianSederhanaOpacLimit1(John)')
 3 APPPATH\Models\KatalogModel.php(28): CodeIgniter\Database\BaseConnection->query('CALL pencarianSederhanaOpacLimit1(John)')
 4 APPPATH\Controllers\KatalogController.php(17): App\Models\KatalogModel->cariSederhanaOpac('John')
 5 SYSTEMPATH\CodeIgniter.php(933): App\Controllers\KatalogController->show()
 6 SYSTEMPATH\CodeIgniter.php(509): CodeIgniter\CodeIgniter->runController(Object(App\Controllers\KatalogController))
 7 SYSTEMPATH\CodeIgniter.php(355): CodeIgniter\CodeIgniter->handleRequest(null, Object(Config\Cache), false)
 8 SYSTEMPATH\Boot.php(312): CodeIgniter\CodeIgniter->run()
 9 SYSTEMPATH\Boot.php(67): CodeIgniter\Boot::runCodeIgniter(Object(CodeIgniter\CodeIgniter))
10 FCPATH\index.php(56): CodeIgniter\Boot::bootWeb(Object(Config\Paths))
11 SYSTEMPATH\Commands\Server\rewrite.php(49): require_once('C:\\xampp\\htdocs\\perpus-politala\\public\\index.php')
CRITICAL - 2024-07-08 14:16:43 --> [Caused by] mysqli_sql_exception: Unknown column 'John' in 'field list'
in SYSTEMPATH\Database\MySQLi\Connection.php on line 308.
 1 SYSTEMPATH\Database\MySQLi\Connection.php(308): mysqli->query('CALL pencarianSederhanaOpacLimit1(John)', 0)
 2 SYSTEMPATH\Database\BaseConnection.php(722): CodeIgniter\Database\MySQLi\Connection->execute('CALL pencarianSederhanaOpacLimit1(John)')
 3 SYSTEMPATH\Database\BaseConnection.php(636): CodeIgniter\Database\BaseConnection->simpleQuery('CALL pencarianSederhanaOpacLimit1(John)')
 4 APPPATH\Models\KatalogModel.php(28): CodeIgniter\Database\BaseConnection->query('CALL pencarianSederhanaOpacLimit1(John)')
 5 APPPATH\Controllers\KatalogController.php(17): App\Models\KatalogModel->cariSederhanaOpac('John')
 6 SYSTEMPATH\CodeIgniter.php(933): App\Controllers\KatalogController->show()
 7 SYSTEMPATH\CodeIgniter.php(509): CodeIgniter\CodeIgniter->runController(Object(App\Controllers\KatalogController))
 8 SYSTEMPATH\CodeIgniter.php(355): CodeIgniter\CodeIgniter->handleRequest(null, Object(Config\Cache), false)
 9 SYSTEMPATH\Boot.php(312): CodeIgniter\CodeIgniter->run()
10 SYSTEMPATH\Boot.php(67): CodeIgniter\Boot::runCodeIgniter(Object(CodeIgniter\CodeIgniter))
11 FCPATH\index.php(56): CodeIgniter\Boot::bootWeb(Object(Config\Paths))
12 SYSTEMPATH\Commands\Server\rewrite.php(49): require_once('C:\\xampp\\htdocs\\perpus-politala\\public\\index.php')
ERROR - 2024-07-08 14:16:43 --> mysqli_sql_exception: Unknown column 'John' in 'field list' in C:\xampp\htdocs\perpus-politala\vendor\codeigniter4\framework\system\Database\MySQLi\Connection.php:308
Stack trace:
#0 C:\xampp\htdocs\perpus-politala\vendor\codeigniter4\framework\system\Database\MySQLi\Connection.php(308): mysqli->query('CALL pencarianS...', 0)
#1 C:\xampp\htdocs\perpus-politala\vendor\codeigniter4\framework\system\Database\BaseConnection.php(722): CodeIgniter\Database\MySQLi\Connection->execute('CALL pencarianS...')
#2 C:\xampp\htdocs\perpus-politala\vendor\codeigniter4\framework\system\Database\BaseConnection.php(636): CodeIgniter\Database\BaseConnection->simpleQuery('CALL pencarianS...')
#3 C:\xampp\htdocs\perpus-politala\app\Models\KatalogModel.php(28): CodeIgniter\Database\BaseConnection->query('CALL pencarianS...')
#4 C:\xampp\htdocs\perpus-politala\app\Controllers\KatalogController.php(17): App\Models\KatalogModel->cariSederhanaOpac('John')
#5 C:\xampp\htdocs\perpus-politala\vendor\codeigniter4\framework\system\CodeIgniter.php(933): App\Controllers\KatalogController->show()
#6 C:\xampp\htdocs\perpus-politala\vendor\codeigniter4\framework\system\CodeIgniter.php(509): CodeIgniter\CodeIgniter->runController(Object(App\Controllers\KatalogController))
#7 C:\xampp\htdocs\perpus-politala\vendor\codeigniter4\framework\system\CodeIgniter.php(355): CodeIgniter\CodeIgniter->handleRequest(NULL, Object(Config\Cache), false)
#8 C:\xampp\htdocs\perpus-politala\vendor\codeigniter4\framework\system\Boot.php(312): CodeIgniter\CodeIgniter->run()
#9 C:\xampp\htdocs\perpus-politala\vendor\codeigniter4\framework\system\Boot.php(67): CodeIgniter\Boot::runCodeIgniter(Object(CodeIgniter\CodeIgniter))
#10 C:\xampp\htdocs\perpus-politala\public\index.php(56): CodeIgniter\Boot::bootWeb(Object(Config\Paths))
#11 C:\xampp\htdocs\perpus-politala\vendor\codeigniter4\framework\system\Commands\Server\rewrite.php(49): require_once('C:\\xampp\\htdocs...')
#12 {main}
CRITICAL - 2024-07-08 14:16:43 --> CodeIgniter\Database\Exceptions\DatabaseException: Unknown column 'John' in 'field list'
[Method: GET, Route: katalog/]
in SYSTEMPATH\Database\BaseConnection.php on line 676.
 1 APPPATH\Models\KatalogModel.php(28): CodeIgniter\Database\BaseConnection->query('CALL pencarianSederhanaOpacLimit1(John)')
 2 APPPATH\Controllers\KatalogController.php(17): App\Models\KatalogModel->cariSederhanaOpac('John')
 3 SYSTEMPATH\CodeIgniter.php(933): App\Controllers\KatalogController->show()
 4 SYSTEMPATH\CodeIgniter.php(509): CodeIgniter\CodeIgniter->runController(Object(App\Controllers\KatalogController))
 5 SYSTEMPATH\CodeIgniter.php(355): CodeIgniter\CodeIgniter->handleRequest(null, Object(Config\Cache), false)
 6 SYSTEMPATH\Boot.php(312): CodeIgniter\CodeIgniter->run()
 7 SYSTEMPATH\Boot.php(67): CodeIgniter\Boot::runCodeIgniter(Object(CodeIgniter\CodeIgniter))
 8 FCPATH\index.php(56): CodeIgniter\Boot::bootWeb(Object(Config\Paths))
 9 SYSTEMPATH\Commands\Server\rewrite.php(49): require_once('C:\\xampp\\htdocs\\perpus-politala\\public\\index.php')
CRITICAL - 2024-07-08 14:16:43 --> [Caused by] CodeIgniter\Database\Exceptions\DatabaseException: Unknown column 'John' in 'field list'
in SYSTEMPATH\Database\MySQLi\Connection.php on line 313.
 1 SYSTEMPATH\Database\BaseConnection.php(722): CodeIgniter\Database\MySQLi\Connection->execute('CALL pencarianSederhanaOpacLimit1(John)')
 2 SYSTEMPATH\Database\BaseConnection.php(636): CodeIgniter\Database\BaseConnection->simpleQuery('CALL pencarianSederhanaOpacLimit1(John)')
 3 APPPATH\Models\KatalogModel.php(28): CodeIgniter\Database\BaseConnection->query('CALL pencarianSederhanaOpacLimit1(John)')
 4 APPPATH\Controllers\KatalogController.php(17): App\Models\KatalogModel->cariSederhanaOpac('John')
 5 SYSTEMPATH\CodeIgniter.php(933): App\Controllers\KatalogController->show()
 6 SYSTEMPATH\CodeIgniter.php(509): CodeIgniter\CodeIgniter->runController(Object(App\Controllers\KatalogController))
 7 SYSTEMPATH\CodeIgniter.php(355): CodeIgniter\CodeIgniter->handleRequest(null, Object(Config\Cache), false)
 8 SYSTEMPATH\Boot.php(312): CodeIgniter\CodeIgniter->run()
 9 SYSTEMPATH\Boot.php(67): CodeIgniter\Boot::runCodeIgniter(Object(CodeIgniter\CodeIgniter))
10 FCPATH\index.php(56): CodeIgniter\Boot::bootWeb(Object(Config\Paths))
11 SYSTEMPATH\Commands\Server\rewrite.php(49): require_once('C:\\xampp\\htdocs\\perpus-politala\\public\\index.php')
CRITICAL - 2024-07-08 14:16:43 --> [Caused by] mysqli_sql_exception: Unknown column 'John' in 'field list'
in SYSTEMPATH\Database\MySQLi\Connection.php on line 308.
 1 SYSTEMPATH\Database\MySQLi\Connection.php(308): mysqli->query('CALL pencarianSederhanaOpacLimit1(John)', 0)
 2 SYSTEMPATH\Database\BaseConnection.php(722): CodeIgniter\Database\MySQLi\Connection->execute('CALL pencarianSederhanaOpacLimit1(John)')
 3 SYSTEMPATH\Database\BaseConnection.php(636): CodeIgniter\Database\BaseConnection->simpleQuery('CALL pencarianSederhanaOpacLimit1(John)')
 4 APPPATH\Models\KatalogModel.php(28): CodeIgniter\Database\BaseConnection->query('CALL pencarianSederhanaOpacLimit1(John)')
 5 APPPATH\Controllers\KatalogController.php(17): App\Models\KatalogModel->cariSederhanaOpac('John')
 6 SYSTEMPATH\CodeIgniter.php(933): App\Controllers\KatalogController->show()
 7 SYSTEMPATH\CodeIgniter.php(509): CodeIgniter\CodeIgniter->runController(Object(App\Controllers\KatalogController))
 8 SYSTEMPATH\CodeIgniter.php(355): CodeIgniter\CodeIgniter->handleRequest(null, Object(Config\Cache), false)
 9 SYSTEMPATH\Boot.php(312): CodeIgniter\CodeIgniter->run()
10 SYSTEMPATH\Boot.php(67): CodeIgniter\Boot::runCodeIgniter(Object(CodeIgniter\CodeIgniter))
11 FCPATH\index.php(56): CodeIgniter\Boot::bootWeb(Object(Config\Paths))
12 SYSTEMPATH\Commands\Server\rewrite.php(49): require_once('C:\\xampp\\htdocs\\perpus-politala\\public\\index.php')
