CRITICAL - 2024-07-07 13:50:01 --> BadMethodCallException: Call to undefined method App\Models\KatalogModel::getCollectionOpac
[Method: GET, Route: katalog]
in SYSTEMPATH\Model.php on line 921.
 1 APPPATH\Controllers\KatalogController.php(14): CodeIgniter\Model->__call('getCollectionOpac', [...])
 2 SYSTEMPATH\CodeIgniter.php(933): App\Controllers\KatalogController->show('$1')
 3 SYSTEMPATH\CodeIgniter.php(509): CodeIgniter\CodeIgniter->runController(Object(App\Controllers\KatalogController))
 4 SYSTEMPATH\CodeIgniter.php(355): CodeIgniter\CodeIgniter->handleRequest(null, Object(Config\Cache), false)
 5 SYSTEMPATH\Boot.php(312): CodeIgniter\CodeIgniter->run()
 6 SYSTEMPATH\Boot.php(67): CodeIgniter\Boot::runCodeIgniter(Object(CodeIgniter\CodeIgniter))
 7 FCPATH\index.php(56): CodeIgniter\Boot::bootWeb(Object(Config\Paths))
 8 SYSTEMPATH\Commands\Server\rewrite.php(49): require_once('C:\\xampp\\htdocs\\perpus-politala\\public\\index.php')
CRITICAL - 2024-07-07 13:50:29 --> TypeError: CodeIgniter\Database\BaseBuilder::limit(): Argument #1 ($value) must be of type ?int, string given, called in C:\xampp\htdocs\perpus-politala\app\Models\KatalogModel.php on line 41
[Method: GET, Route: katalog]
in SYSTEMPATH\Database\BaseBuilder.php on line 1494.
 1 APPPATH\Models\KatalogModel.php(41): CodeIgniter\Database\BaseBuilder->limit('$1')
 2 APPPATH\Controllers\KatalogController.php(14): App\Models\KatalogModel->getCollectionOpac('$1')
 3 SYSTEMPATH\CodeIgniter.php(933): App\Controllers\KatalogController->show('$1')
 4 SYSTEMPATH\CodeIgniter.php(509): CodeIgniter\CodeIgniter->runController(Object(App\Controllers\KatalogController))
 5 SYSTEMPATH\CodeIgniter.php(355): CodeIgniter\CodeIgniter->handleRequest(null, Object(Config\Cache), false)
 6 SYSTEMPATH\Boot.php(312): CodeIgniter\CodeIgniter->run()
 7 SYSTEMPATH\Boot.php(67): CodeIgniter\Boot::runCodeIgniter(Object(CodeIgniter\CodeIgniter))
 8 FCPATH\index.php(56): CodeIgniter\Boot::bootWeb(Object(Config\Paths))
 9 SYSTEMPATH\Commands\Server\rewrite.php(49): require_once('C:\\xampp\\htdocs\\perpus-politala\\public\\index.php')
CRITICAL - 2024-07-07 13:51:37 --> TypeError: CodeIgniter\Database\BaseBuilder::limit(): Argument #1 ($value) must be of type ?int, string given, called in C:\xampp\htdocs\perpus-politala\app\Models\KatalogModel.php on line 41
[Method: GET, Route: katalog]
in SYSTEMPATH\Database\BaseBuilder.php on line 1494.
 1 APPPATH\Models\KatalogModel.php(41): CodeIgniter\Database\BaseBuilder->limit('$1')
 2 APPPATH\Controllers\KatalogController.php(14): App\Models\KatalogModel->getCollectionOpac('$1')
 3 SYSTEMPATH\CodeIgniter.php(933): App\Controllers\KatalogController->show('$1')
 4 SYSTEMPATH\CodeIgniter.php(509): CodeIgniter\CodeIgniter->runController(Object(App\Controllers\KatalogController))
 5 SYSTEMPATH\CodeIgniter.php(355): CodeIgniter\CodeIgniter->handleRequest(null, Object(Config\Cache), false)
 6 SYSTEMPATH\Boot.php(312): CodeIgniter\CodeIgniter->run()
 7 SYSTEMPATH\Boot.php(67): CodeIgniter\Boot::runCodeIgniter(Object(CodeIgniter\CodeIgniter))
 8 FCPATH\index.php(56): CodeIgniter\Boot::bootWeb(Object(Config\Paths))
 9 SYSTEMPATH\Commands\Server\rewrite.php(49): require_once('C:\\xampp\\htdocs\\perpus-politala\\public\\index.php')
